Flow report for lg_highlevel
Thu Apr 18 22:12:49 2013
Quartus II 32-bit Version 12.1 Build 177 11/07/2012 SJ Web Edition


---------------------
; Table of Contents ;
---------------------
  1. Legal Notice
  2. Flow Summary
  3. Flow Settings
  4. Flow Non-Default Global Settings
  5. Flow Elapsed Time
  6. Flow OS Summary
  7. Flow Log



----------------
; Legal Notice ;
----------------
Copyright (C) 1991-2012 Altera Corporation
Your use of Altera Corporation's design tools, logic functions 
and other software and tools, and its AMPP partner logic 
functions, and any output files from any of the foregoing 
(including device programming or simulation files), and any 
associated documentation or information are expressly subject 
to the terms and conditions of the Altera Program License 
Subscription Agreement, Altera MegaCore Function License 
Agreement, or other applicable license agreement, including, 
without limitation, that your use is for the sole purpose of 
programming logic devices manufactured by Altera and sold by 
Altera or its authorized distributors.  Please refer to the 
applicable agreement for further details.



+-------------------------------------------------------------------------------+
; Flow Summary                                                                  ;
+------------------------------------+------------------------------------------+
; Flow Status                        ; Successful - Thu Apr 18 22:12:49 2013    ;
; Quartus II 32-bit Version          ; 12.1 Build 177 11/07/2012 SJ Web Edition ;
; Revision Name                      ; lg_highlevel                             ;
; Top-level Entity Name              ; lg_highlevel                             ;
; Family                             ; Cyclone II                               ;
; Device                             ; EP2C20F484C7                             ;
; Timing Models                      ; Final                                    ;
; Total logic elements               ; 10,459 / 18,752 ( 56 % )                 ;
;     Total combinational functions  ; 7,352 / 18,752 ( 39 % )                  ;
;     Dedicated logic registers      ; 7,522 / 18,752 ( 40 % )                  ;
; Total registers                    ; 7522                                     ;
; Total pins                         ; 116 / 315 ( 37 % )                       ;
; Total virtual pins                 ; 0                                        ;
; Total memory bits                  ; 8,192 / 239,616 ( 3 % )                  ;
; Embedded Multiplier 9-bit elements ; 24 / 52 ( 46 % )                         ;
; Total PLLs                         ; 1 / 4 ( 25 % )                           ;
+------------------------------------+------------------------------------------+


+-----------------------------------------+
; Flow Settings                           ;
+-------------------+---------------------+
; Option            ; Setting             ;
+-------------------+---------------------+
; Start date & time ; 04/18/2013 22:09:06 ;
; Main task         ; Compilation         ;
; Revision Name     ; lg_highlevel        ;
+-------------------+---------------------+


+-------------------------------------------------------------------------------------------------------------------------------+
; Flow Non-Default Global Settings                                                                                              ;
+----------------------------------------+---------------------------------------+---------------+-------------+----------------+
; Assignment Name                        ; Value                                 ; Default Value ; Entity Name ; Section Id     ;
+----------------------------------------+---------------------------------------+---------------+-------------+----------------+
; COMPILER_SIGNATURE_ID                  ; 1097101363181.136633734301732         ; --            ; --          ; --             ;
; EDA_DESIGN_INSTANCE_NAME               ; NA                                    ; --            ; --          ; my_testbench   ;
; EDA_NATIVELINK_SIMULATION_SETUP_SCRIPT ; simulation/modelsim/my_custom_view.do ; --            ; --          ; eda_simulation ;
; EDA_NATIVELINK_SIMULATION_TEST_BENCH   ; my_testbench                          ; --            ; --          ; eda_simulation ;
; EDA_NETLIST_WRITER_OUTPUT_DIR          ; simulation/modelsim                   ; --            ; --          ; eda_simulation ;
; EDA_OUTPUT_DATA_FORMAT                 ; Verilog Hdl                           ; --            ; --          ; eda_simulation ;
; EDA_SIMULATION_TOOL                    ; ModelSim-Altera (Verilog)             ; <None>        ; --          ; --             ;
; EDA_TEST_BENCH_ENABLE_STATUS           ; TEST_BENCH_MODE                       ; --            ; --          ; eda_simulation ;
; EDA_TEST_BENCH_FILE                    ; lg_highlevel.v                        ; --            ; --          ; my_testbench   ;
; EDA_TEST_BENCH_MODULE_NAME             ; lg_highlevel                          ; --            ; --          ; my_testbench   ;
; EDA_TEST_BENCH_NAME                    ; my_testbench                          ; --            ; --          ; eda_simulation ;
; EDA_TIME_SCALE                         ; 1 ps                                  ; --            ; --          ; eda_simulation ;
; IP_TOOL_NAME                           ; ALTPLL                                ; --            ; --          ; --             ;
; IP_TOOL_VERSION                        ; 12.1                                  ; --            ; --          ; --             ;
; MAX_CORE_JUNCTION_TEMP                 ; 85                                    ; --            ; --          ; --             ;
; MIN_CORE_JUNCTION_TEMP                 ; 0                                     ; --            ; --          ; --             ;
; MISC_FILE                              ; pll_bb.v                              ; --            ; --          ; --             ;
; MISC_FILE                              ; pll.ppf                               ; --            ; --          ; --             ;
; PARTITION_COLOR                        ; 16764057                              ; --            ; --          ; Top            ;
; PARTITION_FITTER_PRESERVATION_LEVEL    ; PLACEMENT_AND_ROUTING                 ; --            ; --          ; Top            ;
; PARTITION_NETLIST_TYPE                 ; SOURCE                                ; --            ; --          ; Top            ;
; POWER_BOARD_THERMAL_MODEL              ; None (CONSERVATIVE)                   ; --            ; --          ; --             ;
; POWER_PRESET_COOLING_SOLUTION          ; 23 MM HEAT SINK WITH 200 LFPM AIRFLOW ; --            ; --          ; --             ;
; PROJECT_OUTPUT_DIRECTORY               ; output_files                          ; --            ; --          ; --             ;
; SEARCH_PATH                            ; simulation/modelsim/                  ; --            ; --          ; --             ;
+----------------------------------------+---------------------------------------+---------------+-------------+----------------+


+-------------------------------------------------------------------------------------------------------------------------------+
; Flow Elapsed Time                                                                                                             ;
+---------------------------+--------------+-------------------------+---------------------+------------------------------------+
; Module Name               ; Elapsed Time ; Average Processors Used ; Peak Virtual Memory ; Total CPU Time (on all processors) ;
+---------------------------+--------------+-------------------------+---------------------+------------------------------------+
; Analysis & Synthesis      ; 00:01:16     ; 1.0                     ; 398 MB              ; 00:01:16                           ;
; Fitter                    ; 00:01:42     ; 1.0                     ; 532 MB              ; 00:01:42                           ;
; Assembler                 ; 00:00:05     ; 1.0                     ; 362 MB              ; 00:00:05                           ;
; TimeQuest Timing Analyzer ; 00:00:10     ; 1.0                     ; 402 MB              ; 00:00:10                           ;
; EDA Netlist Writer        ; 00:00:16     ; 1.0                     ; 408 MB              ; 00:00:15                           ;
; Total                     ; 00:03:29     ; --                      ; --                  ; 00:03:28                           ;
+---------------------------+--------------+-------------------------+---------------------+------------------------------------+


+----------------------------------------------------------------------------------------+
; Flow OS Summary                                                                        ;
+---------------------------+------------------+-----------+------------+----------------+
; Module Name               ; Machine Hostname ; OS Name   ; OS Version ; Processor type ;
+---------------------------+------------------+-----------+------------+----------------+
; Analysis & Synthesis      ; EdgdroLaptop-PC  ; Windows 7 ; 6.1        ; x86_64         ;
; Fitter                    ; EdgdroLaptop-PC  ; Windows 7 ; 6.1        ; x86_64         ;
; Assembler                 ; EdgdroLaptop-PC  ; Windows 7 ; 6.1        ; x86_64         ;
; TimeQuest Timing Analyzer ; EdgdroLaptop-PC  ; Windows 7 ; 6.1        ; x86_64         ;
; EDA Netlist Writer        ; EdgdroLaptop-PC  ; Windows 7 ; 6.1        ; x86_64         ;
+---------------------------+------------------+-----------+------------+----------------+


------------
; Flow Log ;
------------
quartus_map --read_settings_files=on --write_settings_files=off lg_highlevel -c lg_highlevel
quartus_fit --read_settings_files=off --write_settings_files=off lg_highlevel -c lg_highlevel
quartus_asm --read_settings_files=off --write_settings_files=off lg_highlevel -c lg_highlevel
quartus_sta lg_highlevel -c lg_highlevel
quartus_eda --read_settings_files=off --write_settings_files=off lg_highlevel -c lg_highlevel



