Analysis & Synthesis report for lg_highlevel
Sun Apr 14 22:28:29 2013
Quartus II 32-bit Version 12.1 Build 177 11/07/2012 SJ Web Edition


---------------------
; Table of Contents ;
---------------------
  1. Legal Notice
  2. Analysis & Synthesis Summary
  3. Analysis & Synthesis Settings
  4. Parallel Compilation
  5. Analysis & Synthesis Messages
  6. Analysis & Synthesis Suppressed Messages



----------------
; Legal Notice ;
----------------
Copyright (C) 1991-2012 Altera Corporation
Your use of Altera Corporation's design tools, logic functions 
and other software and tools, and its AMPP partner logic 
functions, and any output files from any of the foregoing 
(including device programming or simulation files), and any 
associated documentation or information are expressly subject 
to the terms and conditions of the Altera Program License 
Subscription Agreement, Altera MegaCore Function License 
Agreement, or other applicable license agreement, including, 
without limitation, that your use is for the sole purpose of 
programming logic devices manufactured by Altera and sold by 
Altera or its authorized distributors.  Please refer to the 
applicable agreement for further details.



+-------------------------------------------------------------------------------+
; Analysis & Synthesis Summary                                                  ;
+------------------------------------+------------------------------------------+
; Analysis & Synthesis Status        ; Failed - Sun Apr 14 22:28:29 2013        ;
; Quartus II 32-bit Version          ; 12.1 Build 177 11/07/2012 SJ Web Edition ;
; Revision Name                      ; lg_highlevel                             ;
; Top-level Entity Name              ; lg_highlevel                             ;
; Family                             ; Cyclone II                               ;
; Total logic elements               ; N/A until Partition Merge                ;
;     Total combinational functions  ; N/A until Partition Merge                ;
;     Dedicated logic registers      ; N/A until Partition Merge                ;
; Total registers                    ; N/A until Partition Merge                ;
; Total pins                         ; N/A until Partition Merge                ;
; Total virtual pins                 ; N/A until Partition Merge                ;
; Total memory bits                  ; N/A until Partition Merge                ;
; Embedded Multiplier 9-bit elements ; N/A until Partition Merge                ;
; Total PLLs                         ; N/A until Partition Merge                ;
+------------------------------------+------------------------------------------+


+----------------------------------------------------------------------------------------------------------------------+
; Analysis & Synthesis Settings                                                                                        ;
+----------------------------------------------------------------------------+--------------------+--------------------+
; Option                                                                     ; Setting            ; Default Value      ;
+----------------------------------------------------------------------------+--------------------+--------------------+
; Device                                                                     ; EP2C20F484C7       ;                    ;
; Top-level entity name                                                      ; lg_highlevel       ; lg_highlevel       ;
; Family name                                                                ; Cyclone II         ; Cyclone IV GX      ;
; Use smart compilation                                                      ; Off                ; Off                ;
; Enable parallel Assembler and TimeQuest Timing Analyzer during compilation ; On                 ; On                 ;
; Enable compact report table                                                ; Off                ; Off                ;
; Restructure Multiplexers                                                   ; Auto               ; Auto               ;
; Create Debugging Nodes for IP Cores                                        ; Off                ; Off                ;
; Preserve fewer node names                                                  ; On                 ; On                 ;
; Disable OpenCore Plus hardware evaluation                                  ; Off                ; Off                ;
; Verilog Version                                                            ; Verilog_2001       ; Verilog_2001       ;
; VHDL Version                                                               ; VHDL_1993          ; VHDL_1993          ;
; State Machine Processing                                                   ; Auto               ; Auto               ;
; Safe State Machine                                                         ; Off                ; Off                ;
; Extract Verilog State Machines                                             ; On                 ; On                 ;
; Extract VHDL State Machines                                                ; On                 ; On                 ;
; Ignore Verilog initial constructs                                          ; Off                ; Off                ;
; Iteration limit for constant Verilog loops                                 ; 5000               ; 5000               ;
; Iteration limit for non-constant Verilog loops                             ; 250                ; 250                ;
; Add Pass-Through Logic to Inferred RAMs                                    ; On                 ; On                 ;
; Infer RAMs from Raw Logic                                                  ; On                 ; On                 ;
; Parallel Synthesis                                                         ; On                 ; On                 ;
; DSP Block Balancing                                                        ; Auto               ; Auto               ;
; NOT Gate Push-Back                                                         ; On                 ; On                 ;
; Power-Up Don't Care                                                        ; On                 ; On                 ;
; Remove Redundant Logic Cells                                               ; Off                ; Off                ;
; Remove Duplicate Registers                                                 ; On                 ; On                 ;
; Ignore CARRY Buffers                                                       ; Off                ; Off                ;
; Ignore CASCADE Buffers                                                     ; Off                ; Off                ;
; Ignore GLOBAL Buffers                                                      ; Off                ; Off                ;
; Ignore ROW GLOBAL Buffers                                                  ; Off                ; Off                ;
; Ignore LCELL Buffers                                                       ; Off                ; Off                ;
; Ignore SOFT Buffers                                                        ; On                 ; On                 ;
; Limit AHDL Integers to 32 Bits                                             ; Off                ; Off                ;
; Optimization Technique                                                     ; Balanced           ; Balanced           ;
; Carry Chain Length                                                         ; 70                 ; 70                 ;
; Auto Carry Chains                                                          ; On                 ; On                 ;
; Auto Open-Drain Pins                                                       ; On                 ; On                 ;
; Perform WYSIWYG Primitive Resynthesis                                      ; Off                ; Off                ;
; Auto ROM Replacement                                                       ; On                 ; On                 ;
; Auto RAM Replacement                                                       ; On                 ; On                 ;
; Auto Shift Register Replacement                                            ; Auto               ; Auto               ;
; Allow Shift Register Merging across Hierarchies                            ; Auto               ; Auto               ;
; Auto Clock Enable Replacement                                              ; On                 ; On                 ;
; Strict RAM Replacement                                                     ; Off                ; Off                ;
; Allow Synchronous Control Signals                                          ; On                 ; On                 ;
; Force Use of Synchronous Clear Signals                                     ; Off                ; Off                ;
; Auto RAM to Logic Cell Conversion                                          ; Off                ; Off                ;
; Auto Resource Sharing                                                      ; Off                ; Off                ;
; Allow Any RAM Size For Recognition                                         ; Off                ; Off                ;
; Allow Any ROM Size For Recognition                                         ; Off                ; Off                ;
; Allow Any Shift Register Size For Recognition                              ; Off                ; Off                ;
; Use LogicLock Constraints during Resource Balancing                        ; On                 ; On                 ;
; Ignore translate_off and synthesis_off directives                          ; Off                ; Off                ;
; Timing-Driven Synthesis                                                    ; Off                ; Off                ;
; Report Parameter Settings                                                  ; On                 ; On                 ;
; Report Source Assignments                                                  ; On                 ; On                 ;
; Report Connectivity Checks                                                 ; On                 ; On                 ;
; Ignore Maximum Fan-Out Assignments                                         ; Off                ; Off                ;
; Synchronization Register Chain Length                                      ; 2                  ; 2                  ;
; PowerPlay Power Optimization                                               ; Normal compilation ; Normal compilation ;
; HDL message level                                                          ; Level2             ; Level2             ;
; Suppress Register Optimization Related Messages                            ; Off                ; Off                ;
; Number of Removed Registers Reported in Synthesis Report                   ; 5000               ; 5000               ;
; Number of Swept Nodes Reported in Synthesis Report                         ; 5000               ; 5000               ;
; Number of Inverted Registers Reported in Synthesis Report                  ; 100                ; 100                ;
; Clock MUX Protection                                                       ; On                 ; On                 ;
; Auto Gated Clock Conversion                                                ; Off                ; Off                ;
; Block Design Naming                                                        ; Auto               ; Auto               ;
; SDC constraint protection                                                  ; Off                ; Off                ;
; Synthesis Effort                                                           ; Auto               ; Auto               ;
; Shift Register Replacement - Allow Asynchronous Clear Signal               ; On                 ; On                 ;
; Pre-Mapping Resynthesis Optimization                                       ; Off                ; Off                ;
; Analysis & Synthesis Message Level                                         ; Medium             ; Medium             ;
; Disable Register Merging Across Hierarchies                                ; Auto               ; Auto               ;
; Resource Aware Inference For Block RAM                                     ; On                 ; On                 ;
; Synthesis Seed                                                             ; 1                  ; 1                  ;
+----------------------------------------------------------------------------+--------------------+--------------------+


Parallel compilation was disabled, but you have multiple processors available. Enable parallel compilation to reduce compilation time.
+-------------------------------------+
; Parallel Compilation                ;
+----------------------------+--------+
; Processors                 ; Number ;
+----------------------------+--------+
; Number detected on machine ; 8      ;
; Maximum allowed            ; 1      ;
+----------------------------+--------+


+-------------------------------+
; Analysis & Synthesis Messages ;
+-------------------------------+
Info: *******************************************************************
Info: Running Quartus II 32-bit Analysis & Synthesis
    Info: Version 12.1 Build 177 11/07/2012 SJ Web Edition
    Info: Processing started: Sun Apr 14 22:28:27 2013
Info: Command: quartus_map --read_settings_files=on --write_settings_files=off lg_highlevel -c lg_highlevel
Warning (20028): Parallel compilation is not licensed and has been disabled
Info (12021): Found 1 design units, including 1 entities, in source file gpu.v
    Info (12023): Found entity 1: Gpu
Info (12021): Found 1 design units, including 1 entities, in source file vga_controller.v
    Info (12023): Found entity 1: VgaController
Info (12021): Found 1 design units, including 1 entities, in source file pixel_gen.v
    Info (12023): Found entity 1: PixelGen
Info (12021): Found 1 design units, including 1 entities, in source file multi_sram.v
    Info (12023): Found entity 1: MultiSram
Info (12021): Found 1 design units, including 1 entities, in source file seven_segment.v
    Info (12023): Found entity 1: SevenSeg
Info (12021): Found 1 design units, including 1 entities, in source file writeback.v
    Info (12023): Found entity 1: Writeback
Info (12021): Found 1 design units, including 1 entities, in source file memory.v
    Info (12023): Found entity 1: Memory
Info (12021): Found 1 design units, including 1 entities, in source file execute.v
    Info (12023): Found entity 1: Execute
Info (12021): Found 1 design units, including 1 entities, in source file sign_extension.v
    Info (12023): Found entity 1: SignExtension
Info (12021): Found 1 design units, including 1 entities, in source file decode.v
    Info (12023): Found entity 1: Decode
Info (12021): Found 1 design units, including 1 entities, in source file lg_highlevel.v
    Info (12023): Found entity 1: lg_highlevel
Info (12021): Found 1 design units, including 1 entities, in source file fetch.v
    Info (12023): Found entity 1: Fetch
Info (12021): Found 1 design units, including 1 entities, in source file pll.v
    Info (12023): Found entity 1: pll
Info (12021): Found 1 design units, including 1 entities, in source file vertex.v
    Info (12023): Found entity 1: Vertex
Info (12021): Found 1 design units, including 1 entities, in source file rasterizer.v
    Info (12023): Found entity 1: Rasterizer
Warning (10236): Verilog HDL Implicit Net warning at lg_highlevel.v(180): created implicit net for "VWriteBackEnable_WD"
Warning (10236): Verilog HDL Implicit Net warning at lg_highlevel.v(181): created implicit net for "VWriteBackData_WD"
Warning (10236): Verilog HDL Implicit Net warning at lg_highlevel.v(276): created implicit net for "Vertex_VR"
Warning (10236): Verilog HDL Implicit Net warning at lg_highlevel.v(349): created implicit net for "VIDEO_ON"
Error (10137): Verilog HDL Procedural Assignment error at vertex.v(104): object "O_ColorOut" on left-hand side of assignment must have a variable data type File: F:/Dropbox/College/Spring 2013/Git/GPU/Homework6_restored/vertex.v Line: 104
Error (10048): Verilog HDL error at vertex.v(210): values cannot be assigned directly to all or part of array "matrixPast" - assignments must be made to individual elements only File: F:/Dropbox/College/Spring 2013/Git/GPU/Homework6_restored/vertex.v Line: 210
Error (10044): Verilog HDL error at vertex.v(210): expression cannot reference entire array "matrixCurrent" File: F:/Dropbox/College/Spring 2013/Git/GPU/Homework6_restored/vertex.v Line: 210
Error (10161): Verilog HDL error at vertex.v(211): object "colorPast" is not declared File: F:/Dropbox/College/Spring 2013/Git/GPU/Homework6_restored/vertex.v Line: 211
Error (10161): Verilog HDL error at vertex.v(211): object "colorCurrent" is not declared File: F:/Dropbox/College/Spring 2013/Git/GPU/Homework6_restored/vertex.v Line: 211
Error (10161): Verilog HDL error at vertex.v(224): object "colorCurrent" is not declared File: F:/Dropbox/College/Spring 2013/Git/GPU/Homework6_restored/vertex.v Line: 224
Error (10048): Verilog HDL error at vertex.v(229): values cannot be assigned directly to all or part of array "matrixCurrent" - assignments must be made to individual elements only File: F:/Dropbox/College/Spring 2013/Git/GPU/Homework6_restored/vertex.v Line: 229
Error (10044): Verilog HDL error at vertex.v(229): expression cannot reference entire array "matrixPast" File: F:/Dropbox/College/Spring 2013/Git/GPU/Homework6_restored/vertex.v Line: 229
Error (10161): Verilog HDL error at vertex.v(230): object "colorCurret" is not declared File: F:/Dropbox/College/Spring 2013/Git/GPU/Homework6_restored/vertex.v Line: 230
Error (10161): Verilog HDL error at vertex.v(230): object "colorPast" is not declared File: F:/Dropbox/College/Spring 2013/Git/GPU/Homework6_restored/vertex.v Line: 230
Error (10137): Verilog HDL Procedural Assignment error at rasterizer.v(225): object "O_ADDROut" on left-hand side of assignment must have a variable data type File: F:/Dropbox/College/Spring 2013/Git/GPU/Homework6_restored/rasterizer.v Line: 225
Error (10137): Verilog HDL Procedural Assignment error at rasterizer.v(226): object "O_ColorOut" on left-hand side of assignment must have a variable data type File: F:/Dropbox/College/Spring 2013/Git/GPU/Homework6_restored/rasterizer.v Line: 226
Info (144001): Generated suppressed messages file F:/Dropbox/College/Spring 2013/Git/GPU/Homework6_restored/output_files/lg_highlevel.map.smsg
Error: Quartus II 32-bit Analysis & Synthesis was unsuccessful. 12 errors, 5 warnings
    Error: Peak virtual memory: 327 megabytes
    Error: Processing ended: Sun Apr 14 22:28:29 2013
    Error: Elapsed time: 00:00:02
    Error: Total CPU time (on all processors): 00:00:01


+------------------------------------------+
; Analysis & Synthesis Suppressed Messages ;
+------------------------------------------+
The suppressed messages can be found in F:/Dropbox/College/Spring 2013/Git/GPU/Homework6_restored/output_files/lg_highlevel.map.smsg.


